May 11, 2022 9:05:35 AM com.example.millgame.logging.TraceLogger log
INFO: Initializing GameGUI
May 11, 2022 9:05:35 AM com.example.millgame.logging.TraceLogger log
INFO: (Class: com.example.millgame.MillGameBuilder) Building MillGame: GameVariant=SIX_MEN_MORRIS, GameMode=HUMAN_HUMAN
May 11, 2022 9:05:35 AM com.example.millgame.logging.TraceLogger log
INFO: (Class: com.example.millgame.MillGameBuilder) Reset MillGame, Players and Board objects
May 11, 2022 9:05:35 AM com.example.millgame.logging.TraceLogger log
INFO: (Class: com.example.millgame.boards.BoardCreatorDirector) Building SIX_MEN_MORRIS board variant
May 11, 2022 9:05:35 AM com.example.millgame.logging.TraceLogger log
INFO: (Class: com.example.millgame.Position) Position created: Position(x:a, y:1)
May 11, 2022 9:05:35 AM com.example.millgame.logging.TraceLogger log
INFO: (Class: com.example.millgame.Position) Position created: Position(x:c, y:1)
May 11, 2022 9:05:35 AM com.example.millgame.logging.TraceLogger log
INFO: (Class: com.example.millgame.Position) Position created: Position(x:a, y:3)
May 11, 2022 9:05:35 AM com.example.millgame.logging.TraceLogger log
INFO: Position(x:c, y:1) was added as Position(x:a, y:1) neighbour
May 11, 2022 9:05:35 AM com.example.millgame.logging.TraceLogger log
INFO: Position(x:a, y:3) was added as Position(x:a, y:1) neighbour
May 11, 2022 9:05:35 AM com.example.millgame.logging.TraceLogger log
INFO: (Class: com.example.millgame.Position) Position created: Position(x:c, y:2)
May 11, 2022 9:05:35 AM com.example.millgame.logging.TraceLogger log
INFO: (Class: com.example.millgame.Position) Position created: Position(x:e, y:1)
May 11, 2022 9:05:35 AM com.example.millgame.logging.TraceLogger log
INFO: Position(x:c, y:2) was added as Position(x:c, y:1) neighbour
May 11, 2022 9:05:35 AM com.example.millgame.logging.TraceLogger log
INFO: Position(x:e, y:1) was added as Position(x:c, y:1) neighbour
May 11, 2022 9:05:35 AM com.example.millgame.logging.TraceLogger log
INFO: Position(x:a, y:1) was added as Position(x:c, y:1) neighbour
May 11, 2022 9:05:35 AM com.example.millgame.logging.TraceLogger log
INFO: (Class: com.example.millgame.Position) Position created: Position(x:e, y:3)
May 11, 2022 9:05:35 AM com.example.millgame.logging.TraceLogger log
INFO: Position(x:c, y:1) was added as Position(x:e, y:1) neighbour
May 11, 2022 9:05:35 AM com.example.millgame.logging.TraceLogger log
INFO: Position(x:e, y:3) was added as Position(x:e, y:1) neighbour
May 11, 2022 9:05:35 AM com.example.millgame.logging.TraceLogger log
INFO: (Class: com.example.millgame.Position) Position created: Position(x:d, y:3)
May 11, 2022 9:05:35 AM com.example.millgame.logging.TraceLogger log
INFO: (Class: com.example.millgame.Position) Position created: Position(x:e, y:5)
May 11, 2022 9:05:35 AM com.example.millgame.logging.TraceLogger log
INFO: Position(x:e, y:1) was added as Position(x:e, y:3) neighbour
May 11, 2022 9:05:35 AM com.example.millgame.logging.TraceLogger log
INFO: Position(x:d, y:3) was added as Position(x:e, y:3) neighbour
May 11, 2022 9:05:35 AM com.example.millgame.logging.TraceLogger log
INFO: Position(x:e, y:5) was added as Position(x:e, y:3) neighbour
May 11, 2022 9:05:35 AM com.example.millgame.logging.TraceLogger log
INFO: (Class: com.example.millgame.Position) Position created: Position(x:c, y:5)
May 11, 2022 9:05:35 AM com.example.millgame.logging.TraceLogger log
INFO: Position(x:e, y:3) was added as Position(x:e, y:5) neighbour
May 11, 2022 9:05:35 AM com.example.millgame.logging.TraceLogger log
INFO: Position(x:c, y:5) was added as Position(x:e, y:5) neighbour
May 11, 2022 9:05:35 AM com.example.millgame.logging.TraceLogger log
INFO: (Class: com.example.millgame.Position) Position created: Position(x:c, y:4)
May 11, 2022 9:05:35 AM com.example.millgame.logging.TraceLogger log
INFO: (Class: com.example.millgame.Position) Position created: Position(x:a, y:5)
May 11, 2022 9:05:35 AM com.example.millgame.logging.TraceLogger log
INFO: Position(x:e, y:5) was added as Position(x:c, y:5) neighbour
May 11, 2022 9:05:35 AM com.example.millgame.logging.TraceLogger log
INFO: Position(x:c, y:4) was added as Position(x:c, y:5) neighbour
May 11, 2022 9:05:35 AM com.example.millgame.logging.TraceLogger log
INFO: Position(x:a, y:5) was added as Position(x:c, y:5) neighbour
May 11, 2022 9:05:36 AM com.example.millgame.logging.TraceLogger log
INFO: Position(x:c, y:5) was added as Position(x:a, y:5) neighbour
May 11, 2022 9:05:36 AM com.example.millgame.logging.TraceLogger log
INFO: Position(x:a, y:3) was added as Position(x:a, y:5) neighbour
May 11, 2022 9:05:36 AM com.example.millgame.logging.TraceLogger log
INFO: (Class: com.example.millgame.Position) Position created: Position(x:b, y:3)
May 11, 2022 9:05:36 AM com.example.millgame.logging.TraceLogger log
INFO: Position(x:a, y:5) was added as Position(x:a, y:3) neighbour
May 11, 2022 9:05:36 AM com.example.millgame.logging.TraceLogger log
INFO: Position(x:b, y:3) was added as Position(x:a, y:3) neighbour
May 11, 2022 9:05:36 AM com.example.millgame.logging.TraceLogger log
INFO: Position(x:a, y:1) was added as Position(x:a, y:3) neighbour
May 11, 2022 9:05:36 AM com.example.millgame.logging.TraceLogger log
INFO: (Class: com.example.millgame.Position) Position created: Position(x:b, y:2)
May 11, 2022 9:05:36 AM com.example.millgame.logging.TraceLogger log
INFO: Position(x:b, y:3) was added as Position(x:b, y:2) neighbour
May 11, 2022 9:05:36 AM com.example.millgame.logging.TraceLogger log
INFO: Position(x:c, y:2) was added as Position(x:b, y:2) neighbour
May 11, 2022 9:05:36 AM com.example.millgame.logging.TraceLogger log
INFO: (Class: com.example.millgame.Position) Position created: Position(x:d, y:2)
May 11, 2022 9:05:36 AM com.example.millgame.logging.TraceLogger log
INFO: Position(x:b, y:2) was added as Position(x:c, y:2) neighbour
May 11, 2022 9:05:36 AM com.example.millgame.logging.TraceLogger log
INFO: Position(x:c, y:1) was added as Position(x:c, y:2) neighbour
May 11, 2022 9:05:36 AM com.example.millgame.logging.TraceLogger log
INFO: Position(x:d, y:2) was added as Position(x:c, y:2) neighbour
May 11, 2022 9:05:36 AM com.example.millgame.logging.TraceLogger log
INFO: Position(x:c, y:2) was added as Position(x:d, y:2) neighbour
May 11, 2022 9:05:36 AM com.example.millgame.logging.TraceLogger log
INFO: Position(x:d, y:3) was added as Position(x:d, y:2) neighbour
May 11, 2022 9:05:36 AM com.example.millgame.logging.TraceLogger log
INFO: (Class: com.example.millgame.Position) Position created: Position(x:d, y:4)
May 11, 2022 9:05:36 AM com.example.millgame.logging.TraceLogger log
INFO: Position(x:d, y:2) was added as Position(x:d, y:3) neighbour
May 11, 2022 9:05:36 AM com.example.millgame.logging.TraceLogger log
INFO: Position(x:e, y:3) was added as Position(x:d, y:3) neighbour
May 11, 2022 9:05:36 AM com.example.millgame.logging.TraceLogger log
INFO: Position(x:d, y:4) was added as Position(x:d, y:3) neighbour
May 11, 2022 9:05:36 AM com.example.millgame.logging.TraceLogger log
INFO: Position(x:d, y:3) was added as Position(x:d, y:4) neighbour
May 11, 2022 9:05:36 AM com.example.millgame.logging.TraceLogger log
INFO: Position(x:c, y:4) was added as Position(x:d, y:4) neighbour
May 11, 2022 9:05:36 AM com.example.millgame.logging.TraceLogger log
INFO: (Class: com.example.millgame.Position) Position created: Position(x:b, y:4)
May 11, 2022 9:05:36 AM com.example.millgame.logging.TraceLogger log
INFO: Position(x:d, y:4) was added as Position(x:c, y:4) neighbour
May 11, 2022 9:05:36 AM com.example.millgame.logging.TraceLogger log
INFO: Position(x:c, y:5) was added as Position(x:c, y:4) neighbour
May 11, 2022 9:05:36 AM com.example.millgame.logging.TraceLogger log
INFO: Position(x:b, y:4) was added as Position(x:c, y:4) neighbour
May 11, 2022 9:05:36 AM com.example.millgame.logging.TraceLogger log
INFO: Position(x:c, y:4) was added as Position(x:b, y:4) neighbour
May 11, 2022 9:05:36 AM com.example.millgame.logging.TraceLogger log
INFO: Position(x:b, y:3) was added as Position(x:b, y:4) neighbour
May 11, 2022 9:05:36 AM com.example.millgame.logging.TraceLogger log
INFO: Position(x:b, y:4) was added as Position(x:b, y:3) neighbour
May 11, 2022 9:05:36 AM com.example.millgame.logging.TraceLogger log
INFO: Position(x:a, y:3) was added as Position(x:b, y:3) neighbour
May 11, 2022 9:05:36 AM com.example.millgame.logging.TraceLogger log
INFO: Position(x:b, y:2) was added as Position(x:b, y:3) neighbour
May 11, 2022 9:05:36 AM com.example.millgame.logging.TraceLogger log
INFO: (Class: com.example.millgame.MillGameBuilder) Player Player(color:WHITE, type: HUMAN, placedPieces: 0, boardPieces: 0) was created
May 11, 2022 9:05:36 AM com.example.millgame.logging.TraceLogger log
INFO: (Class: com.example.millgame.MillGameBuilder) Player Player(color:BLACK, type: HUMAN, placedPieces: 0, boardPieces: 0) was created
May 11, 2022 9:05:36 AM com.example.millgame.logging.TraceLogger log
INFO: (Class: com.example.millgame.MillGame) Game event action changed to com.example.millgame.actions.PositioningEventAction@1720dd8a
May 11, 2022 9:05:36 AM com.example.millgame.logging.TraceLogger log
INFO: Active turn: Player(color:WHITE, type: HUMAN, placedPieces: 0, boardPieces: 0)
May 11, 2022 9:05:51 AM com.example.millgame.logging.TraceLogger log
INFO: (Class: com.example.millgame.actions.PositioningEventAction) Position(x:c, y:5) was selected
May 11, 2022 9:05:51 AM com.example.millgame.logging.TraceLogger log
INFO: Player(color:WHITE, type: HUMAN, placedPieces: 1, boardPieces: 1) placed a piece in (c, 5) position
May 11, 2022 9:05:51 AM com.example.millgame.logging.TraceLogger log
INFO: Active turn: Player(color:BLACK, type: HUMAN, placedPieces: 0, boardPieces: 0)
May 11, 2022 9:05:51 AM com.example.millgame.logging.TraceLogger log
INFO: Active turn: Player(color:BLACK, type: HUMAN, placedPieces: 0, boardPieces: 0)
